C:\USERS\ADMIN\HELLO-WORLD\PRACTICECODE\PRACTICECODE\X64\DEBUG\C659.OBJ
C:\USERS\ADMIN\HELLO-WORLD\PRACTICECODE\PRACTICECODE\X64\DEBUG\C675.OBJ
C:\USERS\ADMIN\HELLO-WORLD\PRACTICECODE\PRACTICECODE\X64\DEBUG\A682.OBJ
C:\USERS\ADMIN\HELLO-WORLD\PRACTICECODE\PRACTICECODE\X64\DEBUG\C706.OBJ
C:\USERS\ADMIN\HELLO-WORLD\PRACTICECODE\PRACTICECODE\X64\DEBUG\D675NOTCOMPLETE.OBJ
C:\USERS\ADMIN\HELLO-WORLD\PRACTICECODE\PRACTICECODE\X64\DEBUG\C707.OBJ
C:\USERS\ADMIN\HELLO-WORLD\PRACTICECODE\PRACTICECODE\X64\DEBUG\C711.OBJ
C:\USERS\ADMIN\HELLO-WORLD\PRACTICECODE\PRACTICECODE\X64\DEBUG\C712.OBJ
C:\USERS\ADMIN\HELLO-WORLD\PRACTICECODE\PRACTICECODE\X64\DEBUG\C714.OBJ
C:\USERS\ADMIN\HELLO-WORLD\PRACTICECODE\PRACTICECODE\X64\DEBUG\C721NOTCOMPLETE.OBJ
C:\USERS\ADMIN\HELLO-WORLD\PRACTICECODE\PRACTICECODE\X64\DEBUG\C731NOTCOMPLETE.OBJ
C:\USERS\ADMIN\HELLO-WORLD\PRACTICECODE\PRACTICECODE\X64\DEBUG\C732.OBJ
C:\USERS\ADMIN\HELLO-WORLD\PRACTICECODE\PRACTICECODE\X64\DEBUG\C733NOTCOMPLETE.OBJ
C:\USERS\ADMIN\HELLO-WORLD\PRACTICECODE\PRACTICECODE\X64\DEBUG\D545.OBJ
C:\USERS\ADMIN\HELLO-WORLD\PRACTICECODE\PRACTICECODE\X64\DEBUG\A707.OBJ
C:\USERS\ADMIN\HELLO-WORLD\PRACTICECODE\PRACTICECODE\X64\DEBUG\D659.OBJ
C:\USERS\ADMIN\HELLO-WORLD\PRACTICECODE\PRACTICECODE\X64\DEBUG\D721NOTCOMPLETE.OBJ
C:\USERS\ADMIN\HELLO-WORLD\PRACTICECODE\PRACTICECODE\X64\DEBUG\E101149.OBJ
C:\USERS\ADMIN\HELLO-WORLD\PRACTICECODE\PRACTICECODE\X64\DEBUG\I101149.OBJ
C:\USERS\ADMIN\HELLO-WORLD\PRACTICECODE\PRACTICECODE\X64\DEBUG\TEMPLATE.OBJ
C:\USERS\ADMIN\HELLO-WORLD\PRACTICECODE\PRACTICECODE\X64\DEBUG\B675.OBJ
C:\USERS\ADMIN\HELLO-WORLD\PRACTICECODE\PRACTICECODE\X64\DEBUG\B677.OBJ
C:\USERS\ADMIN\HELLO-WORLD\PRACTICECODE\PRACTICECODE\X64\DEBUG\B679.OBJ
C:\USERS\ADMIN\HELLO-WORLD\PRACTICECODE\PRACTICECODE\X64\DEBUG\B682.OBJ
C:\USERS\ADMIN\HELLO-WORLD\PRACTICECODE\PRACTICECODE\X64\DEBUG\B706.OBJ
C:\USERS\ADMIN\HELLO-WORLD\PRACTICECODE\PRACTICECODE\X64\DEBUG\B707.OBJ
C:\USERS\ADMIN\HELLO-WORLD\PRACTICECODE\PRACTICECODE\X64\DEBUG\B711.OBJ
C:\USERS\ADMIN\HELLO-WORLD\PRACTICECODE\PRACTICECODE\X64\DEBUG\B712.OBJ
C:\USERS\ADMIN\HELLO-WORLD\PRACTICECODE\PRACTICECODE\X64\DEBUG\B714.OBJ
C:\USERS\ADMIN\HELLO-WORLD\PRACTICECODE\PRACTICECODE\X64\DEBUG\B721.OBJ
C:\USERS\ADMIN\HELLO-WORLD\PRACTICECODE\PRACTICECODE\X64\DEBUG\B731.OBJ
C:\USERS\ADMIN\HELLO-WORLD\PRACTICECODE\PRACTICECODE\X64\DEBUG\B732.OBJ
C:\USERS\ADMIN\HELLO-WORLD\PRACTICECODE\PRACTICECODE\X64\DEBUG\B733.OBJ
C:\USERS\ADMIN\HELLO-WORLD\PRACTICECODE\PRACTICECODE\X64\DEBUG\C101149.OBJ
C:\USERS\ADMIN\HELLO-WORLD\PRACTICECODE\PRACTICECODE\X64\DEBUG\C479.OBJ
C:\USERS\ADMIN\HELLO-WORLD\PRACTICECODE\PRACTICECODE\X64\DEBUG\C489.OBJ
C:\USERS\ADMIN\HELLO-WORLD\PRACTICECODE\PRACTICECODE\X64\DEBUG\C499.OBJ
C:\USERS\ADMIN\HELLO-WORLD\PRACTICECODE\PRACTICECODE\X64\DEBUG\C515.OBJ
C:\USERS\ADMIN\HELLO-WORLD\PRACTICECODE\PRACTICECODE\X64\DEBUG\C519.OBJ
C:\USERS\ADMIN\HELLO-WORLD\PRACTICECODE\PRACTICECODE\X64\DEBUG\C631.OBJ
C:\USERS\ADMIN\HELLO-WORLD\PRACTICECODE\PRACTICECODE\X64\DEBUG\B492.OBJ
C:\USERS\ADMIN\HELLO-WORLD\PRACTICECODE\PRACTICECODE\X64\DEBUG\A500.OBJ
C:\USERS\ADMIN\HELLO-WORLD\PRACTICECODE\PRACTICECODE\X64\DEBUG\A509.OBJ
C:\USERS\ADMIN\HELLO-WORLD\PRACTICECODE\PRACTICECODE\X64\DEBUG\A50.OBJ
C:\USERS\ADMIN\HELLO-WORLD\PRACTICECODE\PRACTICECODE\X64\DEBUG\A510.OBJ
C:\USERS\ADMIN\HELLO-WORLD\PRACTICECODE\PRACTICECODE\X64\DEBUG\A519.OBJ
C:\USERS\ADMIN\HELLO-WORLD\PRACTICECODE\PRACTICECODE\X64\DEBUG\A520.OBJ
C:\USERS\ADMIN\HELLO-WORLD\PRACTICECODE\PRACTICECODE\X64\DEBUG\A556.OBJ
C:\USERS\ADMIN\HELLO-WORLD\PRACTICECODE\PRACTICECODE\X64\DEBUG\A580.OBJ
C:\USERS\ADMIN\HELLO-WORLD\PRACTICECODE\PRACTICECODE\X64\DEBUG\A716.OBJ
C:\USERS\ADMIN\HELLO-WORLD\PRACTICECODE\PRACTICECODE\X64\DEBUG\A719.OBJ
C:\USERS\ADMIN\HELLO-WORLD\PRACTICECODE\PRACTICECODE\X64\DEBUG\B499.OBJ
C:\USERS\ADMIN\HELLO-WORLD\PRACTICECODE\PRACTICECODE\X64\DEBUG\B508.OBJ
C:\USERS\ADMIN\HELLO-WORLD\PRACTICECODE\PRACTICECODE\X64\DEBUG\B519.OBJ
C:\USERS\ADMIN\HELLO-WORLD\PRACTICECODE\PRACTICECODE\X64\DEBUG\B545.OBJ
C:\USERS\ADMIN\HELLO-WORLD\PRACTICECODE\PRACTICECODE\X64\DEBUG\B580.OBJ
C:\USERS\ADMIN\HELLO-WORLD\PRACTICECODE\PRACTICECODE\X64\DEBUG\B581.OBJ
C:\USERS\ADMIN\HELLO-WORLD\PRACTICECODE\PRACTICECODE\X64\DEBUG\B625.OBJ
C:\USERS\ADMIN\HELLO-WORLD\PRACTICECODE\PRACTICECODE\X64\DEBUG\B631.OBJ
C:\USERS\ADMIN\HELLO-WORLD\PRACTICECODE\PRACTICECODE\X64\DEBUG\B659.OBJ
C:\USERS\ADMIN\HELLO-WORLD\PRACTICECODE\PRACTICECODE\X64\DEBUG\A160.OBJ
C:\USERS\ADMIN\HELLO-WORLD\PRACTICECODE\PRACTICECODE\X64\DEBUG\A1.OBJ
C:\USERS\ADMIN\HELLO-WORLD\PRACTICECODE\PRACTICECODE\X64\DEBUG\A25.OBJ
C:\USERS\ADMIN\HELLO-WORLD\PRACTICECODE\PRACTICECODE\X64\DEBUG\B200.OBJ
C:\USERS\ADMIN\HELLO-WORLD\PRACTICECODE\PRACTICECODE\X64\DEBUG\B230.OBJ
C:\USERS\ADMIN\HELLO-WORLD\PRACTICECODE\PRACTICECODE\X64\DEBUG\B266.OBJ
C:\USERS\ADMIN\HELLO-WORLD\PRACTICECODE\PRACTICECODE\X64\DEBUG\A337.OBJ
C:\USERS\ADMIN\HELLO-WORLD\PRACTICECODE\PRACTICECODE\X64\DEBUG\A405.OBJ
C:\USERS\ADMIN\HELLO-WORLD\PRACTICECODE\PRACTICECODE\X64\DEBUG\A432.OBJ
C:\USERS\ADMIN\HELLO-WORLD\PRACTICECODE\PRACTICECODE\X64\DEBUG\A439.OBJ
C:\USERS\ADMIN\HELLO-WORLD\PRACTICECODE\PRACTICECODE\X64\DEBUG\A443.OBJ
C:\USERS\ADMIN\HELLO-WORLD\PRACTICECODE\PRACTICECODE\X64\DEBUG\A490.OBJ
C:\USERS\ADMIN\HELLO-WORLD\PRACTICECODE\PRACTICECODE\X64\DEBUG\B313.OBJ
C:\USERS\ADMIN\HELLO-WORLD\PRACTICECODE\PRACTICECODE\X64\DEBUG\B34.OBJ
C:\USERS\ADMIN\HELLO-WORLD\PRACTICECODE\PRACTICECODE\X64\DEBUG\B368.OBJ
C:\USERS\ADMIN\HELLO-WORLD\PRACTICECODE\PRACTICECODE\X64\DEBUG\B459.OBJ
C:\USERS\ADMIN\HELLO-WORLD\PRACTICECODE\PRACTICECODE\X64\DEBUG\B467.OBJ
C:\USERS\ADMIN\HELLO-WORLD\PRACTICECODE\PRACTICECODE\X64\DEBUG\B474.OBJ
C:\USERS\ADMIN\HELLO-WORLD\PRACTICECODE\PRACTICECODE\X64\DEBUG\B478.OBJ
C:\USERS\ADMIN\HELLO-WORLD\PRACTICECODE\PRACTICECODE\X64\DEBUG\B489NOTCOMPLETE.OBJ
C:\USERS\ADMIN\HELLO-WORLD\PRACTICECODE\PRACTICECODE\X64\DEBUG\A714.OBJ
C:\USERS\ADMIN\HELLO-WORLD\PRACTICECODE\PRACTICECODE\X64\DEBUG\A721.OBJ
C:\USERS\ADMIN\HELLO-WORLD\PRACTICECODE\PRACTICECODE\X64\DEBUG\A731.OBJ
C:\USERS\ADMIN\HELLO-WORLD\PRACTICECODE\PRACTICECODE\X64\DEBUG\A732.OBJ
C:\USERS\ADMIN\HELLO-WORLD\PRACTICECODE\PRACTICECODE\X64\DEBUG\A733.OBJ
C:\USERS\ADMIN\HELLO-WORLD\PRACTICECODE\PRACTICECODE\X64\DEBUG\A734.OBJ
C:\USERS\ADMIN\HELLO-WORLD\PRACTICECODE\PRACTICECODE\X64\DEBUG\B101149.OBJ
C:\USERS\ADMIN\HELLO-WORLD\PRACTICECODE\PRACTICECODE\X64\DEBUG\B118.OBJ
C:\USERS\ADMIN\HELLO-WORLD\PRACTICECODE\PRACTICECODE\X64\DEBUG\A136.OBJ
C:\USERS\ADMIN\HELLO-WORLD\PRACTICECODE\PRACTICECODE\X64\DEBUG\A148.OBJ
C:\USERS\ADMIN\HELLO-WORLD\PRACTICECODE\PRACTICECODE\X64\DEBUG\A189.OBJ
C:\USERS\ADMIN\HELLO-WORLD\PRACTICECODE\PRACTICECODE\X64\DEBUG\A214.OBJ
C:\USERS\ADMIN\HELLO-WORLD\PRACTICECODE\PRACTICECODE\X64\DEBUG\A230.OBJ
C:\USERS\ADMIN\HELLO-WORLD\PRACTICECODE\PRACTICECODE\X64\DEBUG\A236.OBJ
C:\USERS\ADMIN\HELLO-WORLD\PRACTICECODE\PRACTICECODE\X64\DEBUG\A144.OBJ
C:\USERS\ADMIN\HELLO-WORLD\PRACTICECODE\PRACTICECODE\X64\DEBUG\A158.OBJ
C:\USERS\ADMIN\HELLO-WORLD\PRACTICECODE\PRACTICECODE\X64\DEBUG\A499.OBJ
C:\USERS\ADMIN\HELLO-WORLD\PRACTICECODE\PRACTICECODE\X64\DEBUG\A591.OBJ
C:\USERS\ADMIN\HELLO-WORLD\PRACTICECODE\PRACTICECODE\X64\DEBUG\A598.OBJ
C:\USERS\ADMIN\HELLO-WORLD\PRACTICECODE\PRACTICECODE\X64\DEBUG\B158.OBJ
C:\USERS\ADMIN\HELLO-WORLD\PRACTICECODE\PRACTICECODE\X64\DEBUG\A101149.OBJ
C:\USERS\ADMIN\HELLO-WORLD\PRACTICECODE\PRACTICECODE\X64\DEBUG\A625.OBJ
C:\USERS\ADMIN\HELLO-WORLD\PRACTICECODE\PRACTICECODE\X64\DEBUG\A631.OBJ
C:\USERS\ADMIN\HELLO-WORLD\PRACTICECODE\PRACTICECODE\X64\DEBUG\A659.OBJ
C:\USERS\ADMIN\HELLO-WORLD\PRACTICECODE\PRACTICECODE\X64\DEBUG\A675.OBJ
C:\USERS\ADMIN\HELLO-WORLD\PRACTICECODE\PRACTICECODE\X64\DEBUG\A677.OBJ
C:\USERS\ADMIN\HELLO-WORLD\PRACTICECODE\PRACTICECODE\X64\DEBUG\A706.OBJ
C:\USERS\ADMIN\HELLO-WORLD\PRACTICECODE\PRACTICECODE\X64\DEBUG\A711.OBJ
C:\USERS\ADMIN\HELLO-WORLD\PRACTICECODE\PRACTICECODE\X64\DEBUG\A712.OBJ
C:\USERS\ADMIN\HELLO-WORLD\PRACTICECODE\PRACTICECODE\X64\DEBUG\VC110.PDB
C:\USERS\ADMIN\HELLO-WORLD\PRACTICECODE\PRACTICECODE\X64\DEBUG\A617.OBJ
C:\USERS\ADMIN\HELLO-WORLD\PRACTICECODE\PRACTICECODE\X64\DEBUG\A629.OBJ
C:\USERS\ADMIN\HELLO-WORLD\PRACTICECODE\PRACTICECODE\X64\DEBUG\A738.OBJ
C:\USERS\ADMIN\HELLO-WORLD\PRACTICECODE\PRACTICECODE\X64\DEBUG\B617.OBJ
C:\USERS\ADMIN\HELLO-WORLD\PRACTICECODE\PRACTICECODE\X64\DEBUG\B629.OBJ
C:\USERS\ADMIN\HELLO-WORLD\PRACTICECODE\PRACTICECODE\X64\DEBUG\B734.OBJ
C:\USERS\ADMIN\HELLO-WORLD\PRACTICECODE\PRACTICECODE\X64\DEBUG\B738.OBJ
C:\USERS\ADMIN\HELLO-WORLD\PRACTICECODE\PRACTICECODE\X64\DEBUG\C617.OBJ
C:\USERS\ADMIN\HELLO-WORLD\PRACTICECODE\PRACTICECODE\X64\DEBUG\C734.OBJ
C:\USERS\ADMIN\HELLO-WORLD\PRACTICECODE\PRACTICECODE\X64\DEBUG\FUN.OBJ
C:\USERS\ADMIN\HELLO-WORLD\PRACTICECODE\PRACTICECODE\X64\DEBUG\A621.OBJ
C:\USERS\ADMIN\HELLO-WORLD\PRACTICECODE\PRACTICECODE\X64\DEBUG\A740.OBJ
C:\USERS\ADMIN\HELLO-WORLD\PRACTICECODE\PRACTICECODE\X64\DEBUG\B621.OBJ
C:\USERS\ADMIN\HELLO-WORLD\PRACTICECODE\PRACTICECODE\X64\DEBUG\B740.OBJ
C:\USERS\ADMIN\HELLO-WORLD\PRACTICECODE\PRACTICECODE\X64\DEBUG\C621.OBJ
C:\USERS\ADMIN\HELLO-WORLD\PRACTICECODE\PRACTICECODE\X64\DEBUG\C738.OBJ
C:\USERS\ADMIN\HELLO-WORLD\PRACTICECODE\PRACTICECODE\X64\DEBUG\A389.OBJ
C:\USERS\ADMIN\HELLO-WORLD\PRACTICECODE\PRACTICECODE\X64\DEBUG\A507.OBJ
C:\USERS\ADMIN\HELLO-WORLD\PRACTICECODE\PRACTICECODE\X64\DEBUG\A615.OBJ
C:\USERS\ADMIN\HELLO-WORLD\PRACTICECODE\PRACTICECODE\X64\DEBUG\A688.OBJ
C:\USERS\ADMIN\HELLO-WORLD\PRACTICECODE\PRACTICECODE\X64\DEBUG\A723.OBJ
C:\USERS\ADMIN\HELLO-WORLD\PRACTICECODE\PRACTICECODE\X64\DEBUG\A735.OBJ
C:\USERS\ADMIN\HELLO-WORLD\PRACTICECODE\PRACTICECODE\X64\DEBUG\B389.OBJ
C:\USERS\ADMIN\HELLO-WORLD\PRACTICECODE\PRACTICECODE\X64\DEBUG\B507.OBJ
C:\USERS\ADMIN\HELLO-WORLD\PRACTICECODE\PRACTICECODE\X64\DEBUG\B509.OBJ
C:\USERS\ADMIN\HELLO-WORLD\PRACTICECODE\PRACTICECODE\X64\DEBUG\B615.OBJ
C:\USERS\ADMIN\HELLO-WORLD\PRACTICECODE\PRACTICECODE\X64\DEBUG\B688.OBJ
C:\USERS\ADMIN\HELLO-WORLD\PRACTICECODE\PRACTICECODE\X64\DEBUG\B735.OBJ
C:\USERS\ADMIN\HELLO-WORLD\PRACTICECODE\PRACTICECODE\X64\DEBUG\C389.OBJ
C:\USERS\ADMIN\HELLO-WORLD\PRACTICECODE\PRACTICECODE\X64\DEBUG\C507.OBJ
C:\USERS\ADMIN\HELLO-WORLD\PRACTICECODE\PRACTICECODE\X64\DEBUG\C735.OBJ
C:\USERS\ADMIN\HELLO-WORLD\PRACTICECODE\PRACTICECODE\X64\DEBUG\D735.OBJ
C:\USERS\ADMIN\HELLO-WORLD\PRACTICECODE\PRACTICECODE\X64\DEBUG\MAXFLOWFF.OBJ
C:\USERS\ADMIN\HELLO-WORLD\PRACTICECODE\PRACTICECODE\X64\DEBUG\RMQ.OBJ
C:\USERS\ADMIN\HELLO-WORLD\PRACTICECODE\PRACTICECODE\X64\DEBUG\B723.OBJ
C:\USERS\ADMIN\HELLO-WORLD\PRACTICECODE\PRACTICECODE\X64\DEBUG\C723.OBJ
C:\USERS\ADMIN\HELLO-WORLD\PRACTICECODE\PRACTICECODE\X64\DEBUG\A742.OBJ
C:\USERS\ADMIN\HELLO-WORLD\PRACTICECODE\PRACTICECODE\X64\DEBUG\B742.OBJ
C:\USERS\ADMIN\HELLO-WORLD\PRACTICECODE\PRACTICECODE\X64\DEBUG\A584.OBJ
C:\USERS\ADMIN\HELLO-WORLD\PRACTICECODE\PRACTICECODE\X64\DEBUG\B520.OBJ
C:\USERS\ADMIN\HELLO-WORLD\PRACTICECODE\PRACTICECODE\X64\DEBUG\B548.OBJ
C:\USERS\ADMIN\HELLO-WORLD\PRACTICECODE\PRACTICECODE\X64\DEBUG\C742.OBJ
C:\USERS\ADMIN\HELLO-WORLD\PRACTICECODE\PRACTICECODE\X64\DEBUG\LCM.OBJ
C:\USERS\ADMIN\HELLO-WORLD\PRACTICECODE\PRACTICECODE\X64\DEBUG\A651.OBJ
C:\USERS\ADMIN\HELLO-WORLD\PRACTICECODE\PRACTICECODE\X64\DEBUG\A743.OBJ
C:\USERS\ADMIN\HELLO-WORLD\PRACTICECODE\PRACTICECODE\X64\DEBUG\B651.OBJ
C:\USERS\ADMIN\HELLO-WORLD\PRACTICECODE\PRACTICECODE\X64\DEBUG\B743.OBJ
C:\USERS\ADMIN\HELLO-WORLD\PRACTICECODE\PRACTICECODE\X64\DEBUG\C520.OBJ
C:\USERS\ADMIN\HELLO-WORLD\PRACTICECODE\PRACTICECODE\X64\DEBUG\C651.OBJ
C:\USERS\ADMIN\HELLO-WORLD\PRACTICECODE\PRACTICECODE\X64\DEBUG\A745.OBJ
C:\USERS\ADMIN\HELLO-WORLD\PRACTICECODE\PRACTICECODE\X64\DEBUG\C743.OBJ
C:\USERS\ADMIN\HELLO-WORLD\PRACTICECODE\PRACTICECODE\X64\DEBUG\B745.OBJ
C:\USERS\ADMIN\HELLO-WORLD\PRACTICECODE\PRACTICECODE\X64\DEBUG\A746.OBJ
C:\USERS\ADMIN\HELLO-WORLD\PRACTICECODE\PRACTICECODE\X64\DEBUG\A747.OBJ
C:\USERS\ADMIN\HELLO-WORLD\PRACTICECODE\PRACTICECODE\X64\DEBUG\A749.OBJ
C:\USERS\ADMIN\HELLO-WORLD\PRACTICECODE\PRACTICECODE\X64\DEBUG\B746.OBJ
C:\USERS\ADMIN\HELLO-WORLD\PRACTICECODE\PRACTICECODE\X64\DEBUG\B747.OBJ
C:\USERS\ADMIN\HELLO-WORLD\PRACTICECODE\PRACTICECODE\X64\DEBUG\B749.OBJ
C:\USERS\ADMIN\HELLO-WORLD\PRACTICECODE\PRACTICECODE\X64\DEBUG\C745.OBJ
C:\USERS\ADMIN\HELLO-WORLD\PRACTICECODE\PRACTICECODE\X64\DEBUG\C746.OBJ
C:\USERS\ADMIN\HELLO-WORLD\PRACTICECODE\PRACTICECODE\X64\DEBUG\C747.OBJ
C:\USERS\ADMIN\HELLO-WORLD\PRACTICECODE\PRACTICECODE\X64\DEBUG\D746.OBJ
C:\USERS\ADMIN\HELLO-WORLD\PRACTICECODE\PRACTICECODE\X64\DEBUG\D747.OBJ
C:\USERS\ADMIN\HELLO-WORLD\PRACTICECODE\PRACTICECODE\X64\DEBUG\E746.OBJ
C:\USERS\ADMIN\HELLO-WORLD\PRACTICECODE\PRACTICECODE\X64\DEBUG\C749.OBJ
C:\USERS\ADMIN\HELLO-WORLD\PRACTICECODE\PRACTICECODE\X64\DEBUG\D749.OBJ
C:\USERS\ADMIN\HELLO-WORLD\PRACTICECODE\PRACTICECODE\X64\DEBUG\A701.OBJ
C:\USERS\ADMIN\HELLO-WORLD\PRACTICECODE\PRACTICECODE\X64\DEBUG\A752.OBJ
C:\USERS\ADMIN\HELLO-WORLD\PRACTICECODE\PRACTICECODE\X64\DEBUG\B701.OBJ
C:\USERS\ADMIN\HELLO-WORLD\PRACTICECODE\PRACTICECODE\X64\DEBUG\B752.OBJ
C:\USERS\ADMIN\HELLO-WORLD\PRACTICECODE\PRACTICECODE\X64\DEBUG\C701.OBJ
C:\USERS\ADMIN\HELLO-WORLD\PRACTICECODE\PRACTICECODE\X64\DEBUG\C745NOTCOMPLETE.OBJ
C:\USERS\ADMIN\HELLO-WORLD\PRACTICECODE\PRACTICECODE\X64\DEBUG\C752.OBJ
C:\USERS\ADMIN\HELLO-WORLD\PRACTICECODE\PRACTICECODE\X64\DEBUG\D752.OBJ
C:\USERS\ADMIN\HELLO-WORLD\PRACTICECODE\PRACTICECODE\X64\DEBUG\KRUSKALMST.OBJ
C:\USERS\ADMIN\HELLO-WORLD\PRACTICECODE\X64\DEBUG\PRACTICECODE.ILK
C:\USERS\ADMIN\HELLO-WORLD\PRACTICECODE\X64\DEBUG\PRACTICECODE.EXE
C:\Users\admin\hello-world\practiceCode\practiceCode\x64\Debug\A1.obj
C:\Users\admin\hello-world\practiceCode\practiceCode\x64\Debug\A101149.obj
C:\Users\admin\hello-world\practiceCode\practiceCode\x64\Debug\A136.obj
C:\Users\admin\hello-world\practiceCode\practiceCode\x64\Debug\A144.obj
C:\Users\admin\hello-world\practiceCode\practiceCode\x64\Debug\A148.obj
C:\Users\admin\hello-world\practiceCode\practiceCode\x64\Debug\A158.obj
C:\Users\admin\hello-world\practiceCode\practiceCode\x64\Debug\A160.obj
C:\Users\admin\hello-world\practiceCode\practiceCode\x64\Debug\A189.obj
C:\Users\admin\hello-world\practiceCode\practiceCode\x64\Debug\A214.obj
C:\Users\admin\hello-world\practiceCode\practiceCode\x64\Debug\A230.obj
C:\Users\admin\hello-world\practiceCode\practiceCode\x64\Debug\A236.obj
C:\Users\admin\hello-world\practiceCode\practiceCode\x64\Debug\A25.obj
C:\Users\admin\hello-world\practiceCode\practiceCode\x64\Debug\A337.obj
C:\Users\admin\hello-world\practiceCode\practiceCode\x64\Debug\A389.obj
C:\Users\admin\hello-world\practiceCode\practiceCode\x64\Debug\A405.obj
C:\Users\admin\hello-world\practiceCode\practiceCode\x64\Debug\A432.obj
C:\Users\admin\hello-world\practiceCode\practiceCode\x64\Debug\A439.obj
C:\Users\admin\hello-world\practiceCode\practiceCode\x64\Debug\A443.obj
C:\Users\admin\hello-world\practiceCode\practiceCode\x64\Debug\A490.obj
C:\Users\admin\hello-world\practiceCode\practiceCode\x64\Debug\A499.obj
C:\Users\admin\hello-world\practiceCode\practiceCode\x64\Debug\A50.obj
C:\Users\admin\hello-world\practiceCode\practiceCode\x64\Debug\A500.obj
C:\Users\admin\hello-world\practiceCode\practiceCode\x64\Debug\A507.obj
C:\Users\admin\hello-world\practiceCode\practiceCode\x64\Debug\A509.obj
C:\Users\admin\hello-world\practiceCode\practiceCode\x64\Debug\A510.obj
C:\Users\admin\hello-world\practiceCode\practiceCode\x64\Debug\A519.obj
C:\Users\admin\hello-world\practiceCode\practiceCode\x64\Debug\A520.obj
C:\Users\admin\hello-world\practiceCode\practiceCode\x64\Debug\A556.obj
C:\Users\admin\hello-world\practiceCode\practiceCode\x64\Debug\A580.obj
C:\Users\admin\hello-world\practiceCode\practiceCode\x64\Debug\A584.obj
C:\Users\admin\hello-world\practiceCode\practiceCode\x64\Debug\A591.obj
C:\Users\admin\hello-world\practiceCode\practiceCode\x64\Debug\A598.obj
C:\Users\admin\hello-world\practiceCode\practiceCode\x64\Debug\A615.obj
C:\Users\admin\hello-world\practiceCode\practiceCode\x64\Debug\A617.obj
C:\Users\admin\hello-world\practiceCode\practiceCode\x64\Debug\A621.obj
C:\Users\admin\hello-world\practiceCode\practiceCode\x64\Debug\A625.obj
C:\Users\admin\hello-world\practiceCode\practiceCode\x64\Debug\A629.obj
C:\Users\admin\hello-world\practiceCode\practiceCode\x64\Debug\A631.obj
C:\Users\admin\hello-world\practiceCode\practiceCode\x64\Debug\A651.obj
C:\Users\admin\hello-world\practiceCode\practiceCode\x64\Debug\A659.obj
C:\Users\admin\hello-world\practiceCode\practiceCode\x64\Debug\A675.obj
C:\Users\admin\hello-world\practiceCode\practiceCode\x64\Debug\A677.obj
C:\Users\admin\hello-world\practiceCode\practiceCode\x64\Debug\A682.obj
C:\Users\admin\hello-world\practiceCode\practiceCode\x64\Debug\A688.obj
C:\Users\admin\hello-world\practiceCode\practiceCode\x64\Debug\A701.obj
C:\Users\admin\hello-world\practiceCode\practiceCode\x64\Debug\A706.obj
C:\Users\admin\hello-world\practiceCode\practiceCode\x64\Debug\A707.obj
C:\Users\admin\hello-world\practiceCode\practiceCode\x64\Debug\A711.obj
C:\Users\admin\hello-world\practiceCode\practiceCode\x64\Debug\A712.obj
C:\Users\admin\hello-world\practiceCode\practiceCode\x64\Debug\A714.obj
C:\Users\admin\hello-world\practiceCode\practiceCode\x64\Debug\A716.obj
C:\Users\admin\hello-world\practiceCode\practiceCode\x64\Debug\A719.obj
C:\Users\admin\hello-world\practiceCode\practiceCode\x64\Debug\A721.obj
C:\Users\admin\hello-world\practiceCode\practiceCode\x64\Debug\A723.obj
C:\Users\admin\hello-world\practiceCode\practiceCode\x64\Debug\A731.obj
C:\Users\admin\hello-world\practiceCode\practiceCode\x64\Debug\A732.obj
C:\Users\admin\hello-world\practiceCode\practiceCode\x64\Debug\A733.obj
C:\Users\admin\hello-world\practiceCode\practiceCode\x64\Debug\A734.obj
C:\Users\admin\hello-world\practiceCode\practiceCode\x64\Debug\A735.obj
C:\Users\admin\hello-world\practiceCode\practiceCode\x64\Debug\A738.obj
C:\Users\admin\hello-world\practiceCode\practiceCode\x64\Debug\A740.obj
C:\Users\admin\hello-world\practiceCode\practiceCode\x64\Debug\A742.obj
C:\Users\admin\hello-world\practiceCode\practiceCode\x64\Debug\A743.obj
C:\Users\admin\hello-world\practiceCode\practiceCode\x64\Debug\A745.obj
C:\Users\admin\hello-world\practiceCode\practiceCode\x64\Debug\A746.obj
C:\Users\admin\hello-world\practiceCode\practiceCode\x64\Debug\A747.obj
C:\Users\admin\hello-world\practiceCode\practiceCode\x64\Debug\A749.obj
C:\Users\admin\hello-world\practiceCode\practiceCode\x64\Debug\A752.obj
C:\Users\admin\hello-world\practiceCode\practiceCode\x64\Debug\B101149.obj
C:\Users\admin\hello-world\practiceCode\practiceCode\x64\Debug\B118.obj
C:\Users\admin\hello-world\practiceCode\practiceCode\x64\Debug\B158.obj
C:\Users\admin\hello-world\practiceCode\practiceCode\x64\Debug\B200.obj
C:\Users\admin\hello-world\practiceCode\practiceCode\x64\Debug\B230.obj
C:\Users\admin\hello-world\practiceCode\practiceCode\x64\Debug\B266.obj
C:\Users\admin\hello-world\practiceCode\practiceCode\x64\Debug\B313.obj
C:\Users\admin\hello-world\practiceCode\practiceCode\x64\Debug\B34.obj
C:\Users\admin\hello-world\practiceCode\practiceCode\x64\Debug\B368.obj
C:\Users\admin\hello-world\practiceCode\practiceCode\x64\Debug\B389.obj
C:\Users\admin\hello-world\practiceCode\practiceCode\x64\Debug\B459.obj
C:\Users\admin\hello-world\practiceCode\practiceCode\x64\Debug\B467.obj
C:\Users\admin\hello-world\practiceCode\practiceCode\x64\Debug\B474.obj
C:\Users\admin\hello-world\practiceCode\practiceCode\x64\Debug\B478.obj
C:\Users\admin\hello-world\practiceCode\practiceCode\x64\Debug\B489NOTCOMPLETE.obj
C:\Users\admin\hello-world\practiceCode\practiceCode\x64\Debug\B492.obj
C:\Users\admin\hello-world\practiceCode\practiceCode\x64\Debug\B499.obj
C:\Users\admin\hello-world\practiceCode\practiceCode\x64\Debug\B507.obj
C:\Users\admin\hello-world\practiceCode\practiceCode\x64\Debug\B508.obj
C:\Users\admin\hello-world\practiceCode\practiceCode\x64\Debug\B509.obj
C:\Users\admin\hello-world\practiceCode\practiceCode\x64\Debug\B519.obj
C:\Users\admin\hello-world\practiceCode\practiceCode\x64\Debug\B520.obj
C:\Users\admin\hello-world\practiceCode\practiceCode\x64\Debug\B545.obj
C:\Users\admin\hello-world\practiceCode\practiceCode\x64\Debug\B548.obj
C:\Users\admin\hello-world\practiceCode\practiceCode\x64\Debug\B580.obj
C:\Users\admin\hello-world\practiceCode\practiceCode\x64\Debug\B581.obj
C:\Users\admin\hello-world\practiceCode\practiceCode\x64\Debug\B615.obj
C:\Users\admin\hello-world\practiceCode\practiceCode\x64\Debug\B617.obj
C:\Users\admin\hello-world\practiceCode\practiceCode\x64\Debug\B621.obj
C:\Users\admin\hello-world\practiceCode\practiceCode\x64\Debug\B625.obj
C:\Users\admin\hello-world\practiceCode\practiceCode\x64\Debug\B629.obj
C:\Users\admin\hello-world\practiceCode\practiceCode\x64\Debug\B631.obj
C:\Users\admin\hello-world\practiceCode\practiceCode\x64\Debug\B651.obj
C:\Users\admin\hello-world\practiceCode\practiceCode\x64\Debug\B659.obj
C:\Users\admin\hello-world\practiceCode\practiceCode\x64\Debug\B675.obj
C:\Users\admin\hello-world\practiceCode\practiceCode\x64\Debug\B677.obj
C:\Users\admin\hello-world\practiceCode\practiceCode\x64\Debug\B679.obj
C:\Users\admin\hello-world\practiceCode\practiceCode\x64\Debug\B682.obj
C:\Users\admin\hello-world\practiceCode\practiceCode\x64\Debug\B688.obj
C:\Users\admin\hello-world\practiceCode\practiceCode\x64\Debug\B701.obj
C:\Users\admin\hello-world\practiceCode\practiceCode\x64\Debug\B706.obj
C:\Users\admin\hello-world\practiceCode\practiceCode\x64\Debug\B707.obj
C:\Users\admin\hello-world\practiceCode\practiceCode\x64\Debug\B711.obj
C:\Users\admin\hello-world\practiceCode\practiceCode\x64\Debug\B712.obj
C:\Users\admin\hello-world\practiceCode\practiceCode\x64\Debug\B714.obj
C:\Users\admin\hello-world\practiceCode\practiceCode\x64\Debug\B721.obj
C:\Users\admin\hello-world\practiceCode\practiceCode\x64\Debug\B723.obj
C:\Users\admin\hello-world\practiceCode\practiceCode\x64\Debug\B731.obj
C:\Users\admin\hello-world\practiceCode\practiceCode\x64\Debug\B732.obj
C:\Users\admin\hello-world\practiceCode\practiceCode\x64\Debug\B733.obj
C:\Users\admin\hello-world\practiceCode\practiceCode\x64\Debug\B734.obj
C:\Users\admin\hello-world\practiceCode\practiceCode\x64\Debug\B735.obj
C:\Users\admin\hello-world\practiceCode\practiceCode\x64\Debug\B738.obj
C:\Users\admin\hello-world\practiceCode\practiceCode\x64\Debug\B740.obj
C:\Users\admin\hello-world\practiceCode\practiceCode\x64\Debug\B742.obj
C:\Users\admin\hello-world\practiceCode\practiceCode\x64\Debug\B743.obj
C:\Users\admin\hello-world\practiceCode\practiceCode\x64\Debug\B745.obj
C:\Users\admin\hello-world\practiceCode\practiceCode\x64\Debug\B746.obj
C:\Users\admin\hello-world\practiceCode\practiceCode\x64\Debug\B747.obj
C:\Users\admin\hello-world\practiceCode\practiceCode\x64\Debug\B749.obj
C:\Users\admin\hello-world\practiceCode\practiceCode\x64\Debug\B752.obj
C:\Users\admin\hello-world\practiceCode\practiceCode\x64\Debug\C101149.obj
C:\Users\admin\hello-world\practiceCode\practiceCode\x64\Debug\C389.obj
C:\Users\admin\hello-world\practiceCode\practiceCode\x64\Debug\C479.obj
C:\Users\admin\hello-world\practiceCode\practiceCode\x64\Debug\C489.obj
C:\Users\admin\hello-world\practiceCode\practiceCode\x64\Debug\C499.obj
C:\Users\admin\hello-world\practiceCode\practiceCode\x64\Debug\C507.obj
C:\Users\admin\hello-world\practiceCode\practiceCode\x64\Debug\C515.obj
C:\Users\admin\hello-world\practiceCode\practiceCode\x64\Debug\C519.obj
C:\Users\admin\hello-world\practiceCode\practiceCode\x64\Debug\C520.obj
C:\Users\admin\hello-world\practiceCode\practiceCode\x64\Debug\C617.obj
C:\Users\admin\hello-world\practiceCode\practiceCode\x64\Debug\C621.obj
C:\Users\admin\hello-world\practiceCode\practiceCode\x64\Debug\C631.obj
C:\Users\admin\hello-world\practiceCode\practiceCode\x64\Debug\C651.obj
C:\Users\admin\hello-world\practiceCode\practiceCode\x64\Debug\C659.obj
C:\Users\admin\hello-world\practiceCode\practiceCode\x64\Debug\C675.obj
C:\Users\admin\hello-world\practiceCode\practiceCode\x64\Debug\C701.obj
C:\Users\admin\hello-world\practiceCode\practiceCode\x64\Debug\C706.obj
C:\Users\admin\hello-world\practiceCode\practiceCode\x64\Debug\C707.obj
C:\Users\admin\hello-world\practiceCode\practiceCode\x64\Debug\C711.obj
C:\Users\admin\hello-world\practiceCode\practiceCode\x64\Debug\C712.obj
C:\Users\admin\hello-world\practiceCode\practiceCode\x64\Debug\C714.obj
C:\Users\admin\hello-world\practiceCode\practiceCode\x64\Debug\C721NOTCOMPLETE.obj
C:\Users\admin\hello-world\practiceCode\practiceCode\x64\Debug\C723.obj
C:\Users\admin\hello-world\practiceCode\practiceCode\x64\Debug\C731NOTCOMPLETE.obj
C:\Users\admin\hello-world\practiceCode\practiceCode\x64\Debug\C732.obj
C:\Users\admin\hello-world\practiceCode\practiceCode\x64\Debug\C733NOTCOMPLETE.obj
C:\Users\admin\hello-world\practiceCode\practiceCode\x64\Debug\C734.obj
C:\Users\admin\hello-world\practiceCode\practiceCode\x64\Debug\C735.obj
C:\Users\admin\hello-world\practiceCode\practiceCode\x64\Debug\C738.obj
C:\Users\admin\hello-world\practiceCode\practiceCode\x64\Debug\C740.obj
C:\Users\admin\hello-world\practiceCode\practiceCode\x64\Debug\C742.obj
C:\Users\admin\hello-world\practiceCode\practiceCode\x64\Debug\C743.obj
C:\Users\admin\hello-world\practiceCode\practiceCode\x64\Debug\C745.obj
C:\Users\admin\hello-world\practiceCode\practiceCode\x64\Debug\C745NOTCOMPLETE.obj
C:\Users\admin\hello-world\practiceCode\practiceCode\x64\Debug\C746.obj
C:\Users\admin\hello-world\practiceCode\practiceCode\x64\Debug\C747.obj
C:\Users\admin\hello-world\practiceCode\practiceCode\x64\Debug\C749.obj
C:\Users\admin\hello-world\practiceCode\practiceCode\x64\Debug\C752.obj
C:\Users\admin\hello-world\practiceCode\practiceCode\x64\Debug\D545.obj
C:\Users\admin\hello-world\practiceCode\practiceCode\x64\Debug\D659.obj
C:\Users\admin\hello-world\practiceCode\practiceCode\x64\Debug\D675NOTCOMPLETE.obj
C:\Users\admin\hello-world\practiceCode\practiceCode\x64\Debug\D721NOTCOMPLETE.obj
C:\Users\admin\hello-world\practiceCode\practiceCode\x64\Debug\D735.obj
C:\Users\admin\hello-world\practiceCode\practiceCode\x64\Debug\D746.obj
C:\Users\admin\hello-world\practiceCode\practiceCode\x64\Debug\D747.obj
C:\Users\admin\hello-world\practiceCode\practiceCode\x64\Debug\D749.obj
C:\Users\admin\hello-world\practiceCode\practiceCode\x64\Debug\D752.obj
C:\Users\admin\hello-world\practiceCode\practiceCode\x64\Debug\E101149.obj
C:\Users\admin\hello-world\practiceCode\practiceCode\x64\Debug\E746.obj
C:\Users\admin\hello-world\practiceCode\practiceCode\x64\Debug\fun.obj
C:\Users\admin\hello-world\practiceCode\practiceCode\x64\Debug\I101149.obj
C:\Users\admin\hello-world\practiceCode\practiceCode\x64\Debug\KruskalMST.obj
C:\Users\admin\hello-world\practiceCode\practiceCode\x64\Debug\lcm.obj
C:\Users\admin\hello-world\practiceCode\practiceCode\x64\Debug\MaxFlowFF.obj
C:\Users\admin\hello-world\practiceCode\practiceCode\x64\Debug\RMQ.obj
C:\Users\admin\hello-world\practiceCode\practiceCode\x64\Debug\template.obj
C:\Users\admin\hello-world\practiceCode\practiceCode\x64\Debug\cl.command.1.tlog
C:\Users\admin\hello-world\practiceCode\practiceCode\x64\Debug\CL.read.1.tlog
C:\Users\admin\hello-world\practiceCode\practiceCode\x64\Debug\CL.write.1.tlog
C:\Users\admin\hello-world\practiceCode\practiceCode\x64\Debug\link-cvtres.read.1.tlog
C:\Users\admin\hello-world\practiceCode\practiceCode\x64\Debug\link-cvtres.write.1.tlog
C:\Users\admin\hello-world\practiceCode\practiceCode\x64\Debug\link-rc.read.1.tlog
C:\Users\admin\hello-world\practiceCode\practiceCode\x64\Debug\link-rc.write.1.tlog
C:\Users\admin\hello-world\practiceCode\practiceCode\x64\Debug\link.10896-cvtres.read.1.tlog
C:\Users\admin\hello-world\practiceCode\practiceCode\x64\Debug\link.10896-cvtres.write.1.tlog
C:\Users\admin\hello-world\practiceCode\practiceCode\x64\Debug\link.10896-rc.read.1.tlog
C:\Users\admin\hello-world\practiceCode\practiceCode\x64\Debug\link.10896-rc.write.1.tlog
C:\Users\admin\hello-world\practiceCode\practiceCode\x64\Debug\link.10896.read.1.tlog
C:\Users\admin\hello-world\practiceCode\practiceCode\x64\Debug\link.10896.write.1.tlog
C:\Users\admin\hello-world\practiceCode\practiceCode\x64\Debug\link.11528-cvtres.read.1.tlog
C:\Users\admin\hello-world\practiceCode\practiceCode\x64\Debug\link.11528-cvtres.write.1.tlog
C:\Users\admin\hello-world\practiceCode\practiceCode\x64\Debug\link.11528-rc.read.1.tlog
C:\Users\admin\hello-world\practiceCode\practiceCode\x64\Debug\link.11528-rc.write.1.tlog
C:\Users\admin\hello-world\practiceCode\practiceCode\x64\Debug\link.11528.read.1.tlog
C:\Users\admin\hello-world\practiceCode\practiceCode\x64\Debug\link.11528.write.1.tlog
C:\Users\admin\hello-world\practiceCode\practiceCode\x64\Debug\link.4696-cvtres.read.1.tlog
C:\Users\admin\hello-world\practiceCode\practiceCode\x64\Debug\link.4696-cvtres.write.1.tlog
C:\Users\admin\hello-world\practiceCode\practiceCode\x64\Debug\link.4696-rc.read.1.tlog
C:\Users\admin\hello-world\practiceCode\practiceCode\x64\Debug\link.4696-rc.write.1.tlog
C:\Users\admin\hello-world\practiceCode\practiceCode\x64\Debug\link.4696.read.1.tlog
C:\Users\admin\hello-world\practiceCode\practiceCode\x64\Debug\link.4696.write.1.tlog
C:\Users\admin\hello-world\practiceCode\practiceCode\x64\Debug\link.5720-cvtres.read.1.tlog
C:\Users\admin\hello-world\practiceCode\practiceCode\x64\Debug\link.5720-cvtres.write.1.tlog
C:\Users\admin\hello-world\practiceCode\practiceCode\x64\Debug\link.5720-rc.read.1.tlog
C:\Users\admin\hello-world\practiceCode\practiceCode\x64\Debug\link.5720-rc.write.1.tlog
C:\Users\admin\hello-world\practiceCode\practiceCode\x64\Debug\link.5720.read.1.tlog
C:\Users\admin\hello-world\practiceCode\practiceCode\x64\Debug\link.5720.write.1.tlog
C:\Users\admin\hello-world\practiceCode\practiceCode\x64\Debug\link.6508-cvtres.read.1.tlog
C:\Users\admin\hello-world\practiceCode\practiceCode\x64\Debug\link.6508-cvtres.write.1.tlog
C:\Users\admin\hello-world\practiceCode\practiceCode\x64\Debug\link.6508-rc.read.1.tlog
C:\Users\admin\hello-world\practiceCode\practiceCode\x64\Debug\link.6508-rc.write.1.tlog
C:\Users\admin\hello-world\practiceCode\practiceCode\x64\Debug\link.6508.read.1.tlog
C:\Users\admin\hello-world\practiceCode\practiceCode\x64\Debug\link.6508.write.1.tlog
C:\Users\admin\hello-world\practiceCode\practiceCode\x64\Debug\link.7692-cvtres.read.1.tlog
C:\Users\admin\hello-world\practiceCode\practiceCode\x64\Debug\link.7692-cvtres.write.1.tlog
C:\Users\admin\hello-world\practiceCode\practiceCode\x64\Debug\link.7692-rc.read.1.tlog
C:\Users\admin\hello-world\practiceCode\practiceCode\x64\Debug\link.7692-rc.write.1.tlog
C:\Users\admin\hello-world\practiceCode\practiceCode\x64\Debug\link.7692.read.1.tlog
C:\Users\admin\hello-world\practiceCode\practiceCode\x64\Debug\link.7692.write.1.tlog
C:\Users\admin\hello-world\practiceCode\practiceCode\x64\Debug\link.7780-cvtres.read.1.tlog
C:\Users\admin\hello-world\practiceCode\practiceCode\x64\Debug\link.7780-cvtres.write.1.tlog
C:\Users\admin\hello-world\practiceCode\practiceCode\x64\Debug\link.7780-rc.read.1.tlog
C:\Users\admin\hello-world\practiceCode\practiceCode\x64\Debug\link.7780-rc.write.1.tlog
C:\Users\admin\hello-world\practiceCode\practiceCode\x64\Debug\link.7780.read.1.tlog
C:\Users\admin\hello-world\practiceCode\practiceCode\x64\Debug\link.7780.write.1.tlog
C:\Users\admin\hello-world\practiceCode\practiceCode\x64\Debug\link.9836-cvtres.read.1.tlog
C:\Users\admin\hello-world\practiceCode\practiceCode\x64\Debug\link.9836-cvtres.write.1.tlog
C:\Users\admin\hello-world\practiceCode\practiceCode\x64\Debug\link.9836-rc.read.1.tlog
C:\Users\admin\hello-world\practiceCode\practiceCode\x64\Debug\link.9836-rc.write.1.tlog
C:\Users\admin\hello-world\practiceCode\practiceCode\x64\Debug\link.9836.read.1.tlog
C:\Users\admin\hello-world\practiceCode\practiceCode\x64\Debug\link.9836.write.1.tlog
C:\Users\admin\hello-world\practiceCode\practiceCode\x64\Debug\link.9872-cvtres.read.1.tlog
C:\Users\admin\hello-world\practiceCode\practiceCode\x64\Debug\link.9872-cvtres.write.1.tlog
C:\Users\admin\hello-world\practiceCode\practiceCode\x64\Debug\link.9872-rc.read.1.tlog
C:\Users\admin\hello-world\practiceCode\practiceCode\x64\Debug\link.9872-rc.write.1.tlog
C:\Users\admin\hello-world\practiceCode\practiceCode\x64\Debug\link.9872.read.1.tlog
C:\Users\admin\hello-world\practiceCode\practiceCode\x64\Debug\link.9872.write.1.tlog
C:\Users\admin\hello-world\practiceCode\practiceCode\x64\Debug\link.command.1.tlog
C:\Users\admin\hello-world\practiceCode\practiceCode\x64\Debug\link.read.1.tlog
C:\Users\admin\hello-world\practiceCode\practiceCode\x64\Debug\link.write.1.tlog
C:\Users\admin\hello-world\practiceCode\practiceCode\x64\Debug\vc110.idb
C:\Users\admin\hello-world\practiceCode\practiceCode\x64\Debug\vc140.idb
C:\Users\admin\hello-world\practiceCode\practiceCode\x64\Debug\vc110.pdb
C:\Users\admin\hello-world\practiceCode\practiceCode\x64\Debug\vc140.pdb
C:\Users\admin\hello-world\practiceCode\x64\Debug\practiceCode.pdb
C:\Users\admin\hello-world\practiceCode\x64\Debug\practiceCode.exe
C:\Users\admin\hello-world\practiceCode\x64\Debug\practiceCode.ilk
